Analysis & Synthesis report for DE1_SoC
Fri May 31 18:24:10 2024
Quartus Prime Version 17.0.0 Build 595 04/25/2017 SJ Lite Edition


---------------------
; Table of Contents ;
---------------------
  1. Legal Notice
  2. Analysis & Synthesis Summary
  3. Analysis & Synthesis Settings
  4. Parallel Compilation
  5. Analysis & Synthesis Source Files Read
  6. Analysis & Synthesis Resource Usage Summary
  7. Analysis & Synthesis Resource Utilization by Entity
  8. Registers Removed During Synthesis
  9. General Register Statistics
 10. Inverted Register Statistics
 11. Multiplexer Restructuring Statistics (Restructuring Performed)
 12. Parameter Settings for User Entity Instance: Top-level Entity: |DE1_SoC
 13. Parameter Settings for User Entity Instance: bird_top:r7
 14. Parameter Settings for User Entity Instance: bird:r6
 15. Parameter Settings for User Entity Instance: bird:r5
 16. Parameter Settings for User Entity Instance: bird_init:r4
 17. Parameter Settings for User Entity Instance: bird:r3
 18. Parameter Settings for User Entity Instance: bird:r2
 19. Parameter Settings for User Entity Instance: bird:r1
 20. Parameter Settings for User Entity Instance: bird_bottom:r0
 21. Parameter Settings for User Entity Instance: pipe_init:c0
 22. Parameter Settings for User Entity Instance: detect_collision:fail
 23. Parameter Settings for User Entity Instance: hex_counter:winHEX0
 24. Parameter Settings for User Entity Instance: hex_counter:winHEX1
 25. Parameter Settings for User Entity Instance: hex_counter:winHEX2
 26. Port Connectivity Checks: "led_matrix_driver:lights"
 27. Port Connectivity Checks: "hex_counter:winHEX2"
 28. Port Connectivity Checks: "clock_divider:cdiv"
 29. Post-Synthesis Netlist Statistics for Top Partition
 30. Elapsed Time Per Partition
 31. Analysis & Synthesis Messages
 32. Analysis & Synthesis Suppressed Messages



----------------
; Legal Notice ;
----------------
Copyright (C) 2017  Intel Corporation. All rights reserved.
Your use of Intel Corporation's design tools, logic functions 
and other software and tools, and its AMPP partner logic 
functions, and any output files from any of the foregoing 
(including device programming or simulation files), and any 
associated documentation or information are expressly subject 
to the terms and conditions of the Intel Program License 
Subscription Agreement, the Intel Quartus Prime License Agreement,
the Intel MegaCore Function License Agreement, or other 
applicable license agreement, including, without limitation, 
that your use is for the sole purpose of programming logic 
devices manufactured by Intel and sold by Intel or its 
authorized distributors.  Please refer to the applicable 
agreement for further details.



+-------------------------------------------------------------------------------+
; Analysis & Synthesis Summary                                                  ;
+---------------------------------+---------------------------------------------+
; Analysis & Synthesis Status     ; Successful - Fri May 31 18:24:10 2024       ;
; Quartus Prime Version           ; 17.0.0 Build 595 04/25/2017 SJ Lite Edition ;
; Revision Name                   ; DE1_SoC                                     ;
; Top-level Entity Name           ; DE1_SoC                                     ;
; Family                          ; Cyclone V                                   ;
; Logic utilization (in ALMs)     ; N/A                                         ;
; Total registers                 ; 163                                         ;
; Total pins                      ; 103                                         ;
; Total virtual pins              ; 0                                           ;
; Total block memory bits         ; 0                                           ;
; Total DSP Blocks                ; 0                                           ;
; Total HSSI RX PCSs              ; 0                                           ;
; Total HSSI PMA RX Deserializers ; 0                                           ;
; Total HSSI TX PCSs              ; 0                                           ;
; Total HSSI PMA TX Serializers   ; 0                                           ;
; Total PLLs                      ; 0                                           ;
; Total DLLs                      ; 0                                           ;
+---------------------------------+---------------------------------------------+


+---------------------------------------------------------------------------------------------------------------------------+
; Analysis & Synthesis Settings                                                                                             ;
+---------------------------------------------------------------------------------+--------------------+--------------------+
; Option                                                                          ; Setting            ; Default Value      ;
+---------------------------------------------------------------------------------+--------------------+--------------------+
; Device                                                                          ; 5CSEMA5F31C6       ;                    ;
; Top-level entity name                                                           ; DE1_SoC            ; DE1_SoC            ;
; Family name                                                                     ; Cyclone V          ; Cyclone V          ;
; State Machine Processing                                                        ; User-Encoded       ; Auto               ;
; Use smart compilation                                                           ; Off                ; Off                ;
; Enable parallel Assembler and TimeQuest Timing Analyzer during compilation      ; On                 ; On                 ;
; Enable compact report table                                                     ; Off                ; Off                ;
; Restructure Multiplexers                                                        ; Auto               ; Auto               ;
; MLAB Add Timing Constraints For Mixed-Port Feed-Through Mode Setting Don't Care ; Off                ; Off                ;
; Create Debugging Nodes for IP Cores                                             ; Off                ; Off                ;
; Preserve fewer node names                                                       ; On                 ; On                 ;
; OpenCore Plus hardware evaluation                                               ; Enable             ; Enable             ;
; Verilog Version                                                                 ; Verilog_2001       ; Verilog_2001       ;
; VHDL Version                                                                    ; VHDL_1993          ; VHDL_1993          ;
; Safe State Machine                                                              ; Off                ; Off                ;
; Extract Verilog State Machines                                                  ; On                 ; On                 ;
; Extract VHDL State Machines                                                     ; On                 ; On                 ;
; Ignore Verilog initial constructs                                               ; Off                ; Off                ;
; Iteration limit for constant Verilog loops                                      ; 5000               ; 5000               ;
; Iteration limit for non-constant Verilog loops                                  ; 250                ; 250                ;
; Add Pass-Through Logic to Inferred RAMs                                         ; On                 ; On                 ;
; Infer RAMs from Raw Logic                                                       ; On                 ; On                 ;
; Parallel Synthesis                                                              ; On                 ; On                 ;
; DSP Block Balancing                                                             ; Auto               ; Auto               ;
; NOT Gate Push-Back                                                              ; On                 ; On                 ;
; Power-Up Don't Care                                                             ; On                 ; On                 ;
; Remove Redundant Logic Cells                                                    ; Off                ; Off                ;
; Remove Duplicate Registers                                                      ; On                 ; On                 ;
; Ignore CARRY Buffers                                                            ; Off                ; Off                ;
; Ignore CASCADE Buffers                                                          ; Off                ; Off                ;
; Ignore GLOBAL Buffers                                                           ; Off                ; Off                ;
; Ignore ROW GLOBAL Buffers                                                       ; Off                ; Off                ;
; Ignore LCELL Buffers                                                            ; Off                ; Off                ;
; Ignore SOFT Buffers                                                             ; On                 ; On                 ;
; Limit AHDL Integers to 32 Bits                                                  ; Off                ; Off                ;
; Optimization Technique                                                          ; Balanced           ; Balanced           ;
; Carry Chain Length                                                              ; 70                 ; 70                 ;
; Auto Carry Chains                                                               ; On                 ; On                 ;
; Auto Open-Drain Pins                                                            ; On                 ; On                 ;
; Perform WYSIWYG Primitive Resynthesis                                           ; Off                ; Off                ;
; Auto ROM Replacement                                                            ; On                 ; On                 ;
; Auto RAM Replacement                                                            ; On                 ; On                 ;
; Auto DSP Block Replacement                                                      ; On                 ; On                 ;
; Auto Shift Register Replacement                                                 ; Auto               ; Auto               ;
; Allow Shift Register Merging across Hierarchies                                 ; Auto               ; Auto               ;
; Auto Clock Enable Replacement                                                   ; On                 ; On                 ;
; Strict RAM Replacement                                                          ; Off                ; Off                ;
; Allow Synchronous Control Signals                                               ; On                 ; On                 ;
; Force Use of Synchronous Clear Signals                                          ; Off                ; Off                ;
; Auto Resource Sharing                                                           ; Off                ; Off                ;
; Allow Any RAM Size For Recognition                                              ; Off                ; Off                ;
; Allow Any ROM Size For Recognition                                              ; Off                ; Off                ;
; Allow Any Shift Register Size For Recognition                                   ; Off                ; Off                ;
; Use LogicLock Constraints during Resource Balancing                             ; On                 ; On                 ;
; Ignore translate_off and synthesis_off directives                               ; Off                ; Off                ;
; Timing-Driven Synthesis                                                         ; On                 ; On                 ;
; Report Parameter Settings                                                       ; On                 ; On                 ;
; Report Source Assignments                                                       ; On                 ; On                 ;
; Report Connectivity Checks                                                      ; On                 ; On                 ;
; Ignore Maximum Fan-Out Assignments                                              ; Off                ; Off                ;
; Synchronization Register Chain Length                                           ; 3                  ; 3                  ;
; PowerPlay Power Optimization During Synthesis                                   ; Normal compilation ; Normal compilation ;
; HDL message level                                                               ; Level2             ; Level2             ;
; Suppress Register Optimization Related Messages                                 ; Off                ; Off                ;
; Number of Removed Registers Reported in Synthesis Report                        ; 5000               ; 5000               ;
; Number of Swept Nodes Reported in Synthesis Report                              ; 5000               ; 5000               ;
; Number of Inverted Registers Reported in Synthesis Report                       ; 100                ; 100                ;
; Clock MUX Protection                                                            ; On                 ; On                 ;
; Auto Gated Clock Conversion                                                     ; Off                ; Off                ;
; Block Design Naming                                                             ; Auto               ; Auto               ;
; SDC constraint protection                                                       ; Off                ; Off                ;
; Synthesis Effort                                                                ; Auto               ; Auto               ;
; Shift Register Replacement - Allow Asynchronous Clear Signal                    ; On                 ; On                 ;
; Pre-Mapping Resynthesis Optimization                                            ; Off                ; Off                ;
; Analysis & Synthesis Message Level                                              ; Medium             ; Medium             ;
; Disable Register Merging Across Hierarchies                                     ; Auto               ; Auto               ;
; Resource Aware Inference For Block RAM                                          ; On                 ; On                 ;
; Automatic Parallel Synthesis                                                    ; On                 ; On                 ;
; Partial Reconfiguration Bitstream ID                                            ; Off                ; Off                ;
+---------------------------------------------------------------------------------+--------------------+--------------------+


+------------------------------------------+
; Parallel Compilation                     ;
+----------------------------+-------------+
; Processors                 ; Number      ;
+----------------------------+-------------+
; Number detected on machine ; 12          ;
; Maximum allowed            ; 10          ;
;                            ;             ;
; Average used               ; 1.00        ;
; Maximum used               ; 10          ;
;                            ;             ;
; Usage by Processor         ; % Time Used ;
;     Processor 1            ; 100.0%      ;
;     Processors 2-10        ;   0.0%      ;
+----------------------------+-------------+


+--------------------------------------------------------------------------------------------------------------------------------------+
; Analysis & Synthesis Source Files Read                                                                                               ;
+----------------------------------+-----------------+------------------------------+----------------------------------------+---------+
; File Name with User-Entered Path ; Used in Netlist ; File Type                    ; File Name with Absolute Path           ; Library ;
+----------------------------------+-----------------+------------------------------+----------------------------------------+---------+
; DE1_SoC.sv                       ; yes             ; User SystemVerilog HDL File  ; C:/369/FlappyBird/DE1_SoC.sv           ;         ;
; detect_collision.sv              ; yes             ; User SystemVerilog HDL File  ; C:/369/FlappyBird/detect_collision.sv  ;         ;
; detect_score.sv                  ; yes             ; User SystemVerilog HDL File  ; C:/369/FlappyBird/detect_score.sv      ;         ;
; hex_counter.sv                   ; yes             ; User SystemVerilog HDL File  ; C:/369/FlappyBird/hex_counter.sv       ;         ;
; led_matrix_driver.sv             ; yes             ; User SystemVerilog HDL File  ; C:/369/FlappyBird/led_matrix_driver.sv ;         ;
; bird.sv                          ; yes             ; User SystemVerilog HDL File  ; C:/369/FlappyBird/bird.sv              ;         ;
; bird_bottom.sv                   ; yes             ; User SystemVerilog HDL File  ; C:/369/FlappyBird/bird_bottom.sv       ;         ;
; bird_init.sv                     ; yes             ; User SystemVerilog HDL File  ; C:/369/FlappyBird/bird_init.sv         ;         ;
; bird_top.sv                      ; yes             ; User SystemVerilog HDL File  ; C:/369/FlappyBird/bird_top.sv          ;         ;
; pipe.sv                          ; yes             ; User SystemVerilog HDL File  ; C:/369/FlappyBird/pipe.sv              ;         ;
; pipe_init.sv                     ; yes             ; User SystemVerilog HDL File  ; C:/369/FlappyBird/pipe_init.sv         ;         ;
; clock_divider.sv                 ; yes             ; User SystemVerilog HDL File  ; C:/369/FlappyBird/clock_divider.sv     ;         ;
; LFSR6.sv                         ; yes             ; User SystemVerilog HDL File  ; C:/369/FlappyBird/LFSR6.sv             ;         ;
+----------------------------------+-----------------+------------------------------+----------------------------------------+---------+


+-----------------------------------------------------------+
; Analysis & Synthesis Resource Usage Summary               ;
+---------------------------------------------+-------------+
; Resource                                    ; Usage       ;
+---------------------------------------------+-------------+
; Estimate of Logic utilization (ALMs needed) ; 107         ;
;                                             ;             ;
; Combinational ALUT usage for logic          ; 174         ;
;     -- 7 input functions                    ; 0           ;
;     -- 6 input functions                    ; 34          ;
;     -- 5 input functions                    ; 13          ;
;     -- 4 input functions                    ; 41          ;
;     -- <=3 input functions                  ; 86          ;
;                                             ;             ;
; Dedicated logic registers                   ; 163         ;
;                                             ;             ;
; I/O pins                                    ; 103         ;
;                                             ;             ;
; Total DSP Blocks                            ; 0           ;
;                                             ;             ;
; Maximum fan-out node                        ; SW[9]~input ;
; Maximum fan-out                             ; 151         ;
; Total fan-out                               ; 1314        ;
; Average fan-out                             ; 2.42        ;
+---------------------------------------------+-------------+


+---------------------------------------------------------------------------------------------------------------------------------------------------------------------------------------------------------------+
; Analysis & Synthesis Resource Utilization by Entity                                                                                                                                                           ;
+-------------------------------+---------------------+---------------------------+-------------------+------------+------+--------------+-----------------------------------+-------------------+--------------+
; Compilation Hierarchy Node    ; Combinational ALUTs ; Dedicated Logic Registers ; Block Memory Bits ; DSP Blocks ; Pins ; Virtual Pins ; Full Hierarchy Name               ; Entity Name       ; Library Name ;
+-------------------------------+---------------------+---------------------------+-------------------+------------+------+--------------+-----------------------------------+-------------------+--------------+
; |DE1_SoC                      ; 174 (0)             ; 163 (0)                   ; 0                 ; 0          ; 103  ; 0            ; |DE1_SoC                          ; DE1_SoC           ; work         ;
;    |LFSR6:myRando|            ; 20 (20)             ; 17 (17)                   ; 0                 ; 0          ; 0    ; 0            ; |DE1_SoC|LFSR6:myRando            ; LFSR6             ; work         ;
;    |bird:r1|                  ; 12 (12)             ; 12 (12)                   ; 0                 ; 0          ; 0    ; 0            ; |DE1_SoC|bird:r1                  ; bird              ; work         ;
;    |bird:r2|                  ; 1 (1)               ; 1 (1)                     ; 0                 ; 0          ; 0    ; 0            ; |DE1_SoC|bird:r2                  ; bird              ; work         ;
;    |bird:r3|                  ; 1 (1)               ; 1 (1)                     ; 0                 ; 0          ; 0    ; 0            ; |DE1_SoC|bird:r3                  ; bird              ; work         ;
;    |bird:r5|                  ; 1 (1)               ; 1 (1)                     ; 0                 ; 0          ; 0    ; 0            ; |DE1_SoC|bird:r5                  ; bird              ; work         ;
;    |bird:r6|                  ; 2 (2)               ; 1 (1)                     ; 0                 ; 0          ; 0    ; 0            ; |DE1_SoC|bird:r6                  ; bird              ; work         ;
;    |bird_bottom:r0|           ; 2 (2)               ; 1 (1)                     ; 0                 ; 0          ; 0    ; 0            ; |DE1_SoC|bird_bottom:r0           ; bird_bottom       ; work         ;
;    |bird_init:r4|             ; 1 (1)               ; 1 (1)                     ; 0                 ; 0          ; 0    ; 0            ; |DE1_SoC|bird_init:r4             ; bird_init         ; work         ;
;    |bird_top:r7|              ; 4 (4)               ; 1 (1)                     ; 0                 ; 0          ; 0    ; 0            ; |DE1_SoC|bird_top:r7              ; bird_top          ; work         ;
;    |clock_divider:cdiv|       ; 12 (12)             ; 12 (12)                   ; 0                 ; 0          ; 0    ; 0            ; |DE1_SoC|clock_divider:cdiv       ; clock_divider     ; work         ;
;    |detect_collision:fail|    ; 4 (4)               ; 1 (1)                     ; 0                 ; 0          ; 0    ; 0            ; |DE1_SoC|detect_collision:fail    ; detect_collision  ; work         ;
;    |detect_score:score|       ; 1 (1)               ; 0 (0)                     ; 0                 ; 0          ; 0    ; 0            ; |DE1_SoC|detect_score:score       ; detect_score      ; work         ;
;    |hex_counter:winHEX0|      ; 12 (12)             ; 12 (12)                   ; 0                 ; 0          ; 0    ; 0            ; |DE1_SoC|hex_counter:winHEX0      ; hex_counter       ; work         ;
;    |hex_counter:winHEX1|      ; 12 (12)             ; 12 (12)                   ; 0                 ; 0          ; 0    ; 0            ; |DE1_SoC|hex_counter:winHEX1      ; hex_counter       ; work         ;
;    |hex_counter:winHEX2|      ; 11 (11)             ; 11 (11)                   ; 0                 ; 0          ; 0    ; 0            ; |DE1_SoC|hex_counter:winHEX2      ; hex_counter       ; work         ;
;    |led_matrix_driver:lights| ; 38 (38)             ; 3 (3)                     ; 0                 ; 0          ; 0    ; 0            ; |DE1_SoC|led_matrix_driver:lights ; led_matrix_driver ; work         ;
;    |pipe:c1|                  ; 15 (15)             ; 20 (20)                   ; 0                 ; 0          ; 0    ; 0            ; |DE1_SoC|pipe:c1                  ; pipe              ; work         ;
;    |pipe:c2|                  ; 0 (0)               ; 8 (8)                     ; 0                 ; 0          ; 0    ; 0            ; |DE1_SoC|pipe:c2                  ; pipe              ; work         ;
;    |pipe:c3|                  ; 0 (0)               ; 8 (8)                     ; 0                 ; 0          ; 0    ; 0            ; |DE1_SoC|pipe:c3                  ; pipe              ; work         ;
;    |pipe:c4|                  ; 0 (0)               ; 8 (8)                     ; 0                 ; 0          ; 0    ; 0            ; |DE1_SoC|pipe:c4                  ; pipe              ; work         ;
;    |pipe:c5|                  ; 0 (0)               ; 8 (8)                     ; 0                 ; 0          ; 0    ; 0            ; |DE1_SoC|pipe:c5                  ; pipe              ; work         ;
;    |pipe:c6|                  ; 0 (0)               ; 8 (8)                     ; 0                 ; 0          ; 0    ; 0            ; |DE1_SoC|pipe:c6                  ; pipe              ; work         ;
;    |pipe:c7|                  ; 0 (0)               ; 8 (8)                     ; 0                 ; 0          ; 0    ; 0            ; |DE1_SoC|pipe:c7                  ; pipe              ; work         ;
;    |pipe_init:c0|             ; 25 (25)             ; 8 (8)                     ; 0                 ; 0          ; 0    ; 0            ; |DE1_SoC|pipe_init:c0             ; pipe_init         ; work         ;
+-------------------------------+---------------------+---------------------------+-------------------+------------+------+--------------+-----------------------------------+-------------------+--------------+
Note: For table entries with two numbers listed, the numbers in parentheses indicate the number of resources of the given type used by the specific entity alone. The numbers listed outside of parentheses indicate the total resources of the given type used by the specific entity and all of its sub-entities in the hierarchy.


+-----------------------------------------------------------------------------+
; Registers Removed During Synthesis                                          ;
+-------------------------------------------+---------------------------------+
; Register name                             ; Reason for Removal              ;
+-------------------------------------------+---------------------------------+
; bird:r2|counter[10]                       ; Merged with bird:r1|counter[10] ;
; bird:r3|counter[10]                       ; Merged with bird:r1|counter[10] ;
; bird:r5|counter[10]                       ; Merged with bird:r1|counter[10] ;
; bird:r6|counter[10]                       ; Merged with bird:r1|counter[10] ;
; bird_bottom:r0|counter[10]                ; Merged with bird:r1|counter[10] ;
; bird_init:r4|counter[10]                  ; Merged with bird:r1|counter[10] ;
; bird_top:r7|counter[10]                   ; Merged with bird:r1|counter[10] ;
; bird:r2|counter[9]                        ; Merged with bird:r1|counter[9]  ;
; bird:r3|counter[9]                        ; Merged with bird:r1|counter[9]  ;
; bird:r5|counter[9]                        ; Merged with bird:r1|counter[9]  ;
; bird:r6|counter[9]                        ; Merged with bird:r1|counter[9]  ;
; bird_bottom:r0|counter[9]                 ; Merged with bird:r1|counter[9]  ;
; bird_init:r4|counter[9]                   ; Merged with bird:r1|counter[9]  ;
; bird_top:r7|counter[9]                    ; Merged with bird:r1|counter[9]  ;
; bird:r2|counter[7]                        ; Merged with bird:r1|counter[7]  ;
; bird:r3|counter[7]                        ; Merged with bird:r1|counter[7]  ;
; bird:r5|counter[7]                        ; Merged with bird:r1|counter[7]  ;
; bird:r6|counter[7]                        ; Merged with bird:r1|counter[7]  ;
; bird_bottom:r0|counter[7]                 ; Merged with bird:r1|counter[7]  ;
; bird_init:r4|counter[7]                   ; Merged with bird:r1|counter[7]  ;
; bird_top:r7|counter[7]                    ; Merged with bird:r1|counter[7]  ;
; bird:r2|counter[6]                        ; Merged with bird:r1|counter[6]  ;
; bird:r3|counter[6]                        ; Merged with bird:r1|counter[6]  ;
; bird:r5|counter[6]                        ; Merged with bird:r1|counter[6]  ;
; bird:r6|counter[6]                        ; Merged with bird:r1|counter[6]  ;
; bird_bottom:r0|counter[6]                 ; Merged with bird:r1|counter[6]  ;
; bird_init:r4|counter[6]                   ; Merged with bird:r1|counter[6]  ;
; bird_top:r7|counter[6]                    ; Merged with bird:r1|counter[6]  ;
; bird:r2|counter[5]                        ; Merged with bird:r1|counter[5]  ;
; bird:r3|counter[5]                        ; Merged with bird:r1|counter[5]  ;
; bird:r5|counter[5]                        ; Merged with bird:r1|counter[5]  ;
; bird:r6|counter[5]                        ; Merged with bird:r1|counter[5]  ;
; bird_bottom:r0|counter[5]                 ; Merged with bird:r1|counter[5]  ;
; bird_init:r4|counter[5]                   ; Merged with bird:r1|counter[5]  ;
; bird_top:r7|counter[5]                    ; Merged with bird:r1|counter[5]  ;
; bird:r2|counter[4]                        ; Merged with bird:r1|counter[4]  ;
; bird:r3|counter[4]                        ; Merged with bird:r1|counter[4]  ;
; bird:r5|counter[4]                        ; Merged with bird:r1|counter[4]  ;
; bird:r6|counter[4]                        ; Merged with bird:r1|counter[4]  ;
; bird_bottom:r0|counter[4]                 ; Merged with bird:r1|counter[4]  ;
; bird_init:r4|counter[4]                   ; Merged with bird:r1|counter[4]  ;
; bird_top:r7|counter[4]                    ; Merged with bird:r1|counter[4]  ;
; bird:r2|counter[3]                        ; Merged with bird:r1|counter[3]  ;
; bird:r3|counter[3]                        ; Merged with bird:r1|counter[3]  ;
; bird:r5|counter[3]                        ; Merged with bird:r1|counter[3]  ;
; bird:r6|counter[3]                        ; Merged with bird:r1|counter[3]  ;
; bird_bottom:r0|counter[3]                 ; Merged with bird:r1|counter[3]  ;
; bird_init:r4|counter[3]                   ; Merged with bird:r1|counter[3]  ;
; bird_top:r7|counter[3]                    ; Merged with bird:r1|counter[3]  ;
; bird:r2|counter[2]                        ; Merged with bird:r1|counter[2]  ;
; bird:r3|counter[2]                        ; Merged with bird:r1|counter[2]  ;
; bird:r5|counter[2]                        ; Merged with bird:r1|counter[2]  ;
; bird:r6|counter[2]                        ; Merged with bird:r1|counter[2]  ;
; bird_bottom:r0|counter[2]                 ; Merged with bird:r1|counter[2]  ;
; bird_init:r4|counter[2]                   ; Merged with bird:r1|counter[2]  ;
; bird_top:r7|counter[2]                    ; Merged with bird:r1|counter[2]  ;
; bird:r2|counter[1]                        ; Merged with bird:r1|counter[1]  ;
; bird:r3|counter[1]                        ; Merged with bird:r1|counter[1]  ;
; bird:r5|counter[1]                        ; Merged with bird:r1|counter[1]  ;
; bird:r6|counter[1]                        ; Merged with bird:r1|counter[1]  ;
; bird_bottom:r0|counter[1]                 ; Merged with bird:r1|counter[1]  ;
; bird_init:r4|counter[1]                   ; Merged with bird:r1|counter[1]  ;
; bird_top:r7|counter[1]                    ; Merged with bird:r1|counter[1]  ;
; bird:r2|counter[0]                        ; Merged with bird:r1|counter[0]  ;
; bird:r3|counter[0]                        ; Merged with bird:r1|counter[0]  ;
; bird:r5|counter[0]                        ; Merged with bird:r1|counter[0]  ;
; bird:r6|counter[0]                        ; Merged with bird:r1|counter[0]  ;
; bird_bottom:r0|counter[0]                 ; Merged with bird:r1|counter[0]  ;
; bird_init:r4|counter[0]                   ; Merged with bird:r1|counter[0]  ;
; bird_top:r7|counter[0]                    ; Merged with bird:r1|counter[0]  ;
; bird:r2|counter[8]                        ; Merged with bird:r1|counter[8]  ;
; bird:r3|counter[8]                        ; Merged with bird:r1|counter[8]  ;
; bird:r5|counter[8]                        ; Merged with bird:r1|counter[8]  ;
; bird:r6|counter[8]                        ; Merged with bird:r1|counter[8]  ;
; bird_bottom:r0|counter[8]                 ; Merged with bird:r1|counter[8]  ;
; bird_init:r4|counter[8]                   ; Merged with bird:r1|counter[8]  ;
; bird_top:r7|counter[8]                    ; Merged with bird:r1|counter[8]  ;
; pipe:c2|counter[11]                       ; Merged with pipe:c1|counter[11] ;
; pipe:c3|counter[11]                       ; Merged with pipe:c1|counter[11] ;
; pipe:c4|counter[11]                       ; Merged with pipe:c1|counter[11] ;
; pipe:c5|counter[11]                       ; Merged with pipe:c1|counter[11] ;
; pipe:c6|counter[11]                       ; Merged with pipe:c1|counter[11] ;
; pipe:c7|counter[11]                       ; Merged with pipe:c1|counter[11] ;
; pipe_init:c0|counter[11]                  ; Merged with pipe:c1|counter[11] ;
; pipe:c2|counter[8]                        ; Merged with pipe:c1|counter[8]  ;
; pipe:c3|counter[8]                        ; Merged with pipe:c1|counter[8]  ;
; pipe:c4|counter[8]                        ; Merged with pipe:c1|counter[8]  ;
; pipe:c5|counter[8]                        ; Merged with pipe:c1|counter[8]  ;
; pipe:c6|counter[8]                        ; Merged with pipe:c1|counter[8]  ;
; pipe:c7|counter[8]                        ; Merged with pipe:c1|counter[8]  ;
; pipe_init:c0|counter[8]                   ; Merged with pipe:c1|counter[8]  ;
; pipe:c2|counter[7]                        ; Merged with pipe:c1|counter[7]  ;
; pipe:c3|counter[7]                        ; Merged with pipe:c1|counter[7]  ;
; pipe:c4|counter[7]                        ; Merged with pipe:c1|counter[7]  ;
; pipe:c5|counter[7]                        ; Merged with pipe:c1|counter[7]  ;
; pipe:c6|counter[7]                        ; Merged with pipe:c1|counter[7]  ;
; pipe:c7|counter[7]                        ; Merged with pipe:c1|counter[7]  ;
; pipe_init:c0|counter[7]                   ; Merged with pipe:c1|counter[7]  ;
; pipe:c2|counter[6]                        ; Merged with pipe:c1|counter[6]  ;
; pipe:c3|counter[6]                        ; Merged with pipe:c1|counter[6]  ;
; pipe:c4|counter[6]                        ; Merged with pipe:c1|counter[6]  ;
; pipe:c5|counter[6]                        ; Merged with pipe:c1|counter[6]  ;
; pipe:c6|counter[6]                        ; Merged with pipe:c1|counter[6]  ;
; pipe:c7|counter[6]                        ; Merged with pipe:c1|counter[6]  ;
; pipe_init:c0|counter[6]                   ; Merged with pipe:c1|counter[6]  ;
; pipe:c2|counter[5]                        ; Merged with pipe:c1|counter[5]  ;
; pipe:c3|counter[5]                        ; Merged with pipe:c1|counter[5]  ;
; pipe:c4|counter[5]                        ; Merged with pipe:c1|counter[5]  ;
; pipe:c5|counter[5]                        ; Merged with pipe:c1|counter[5]  ;
; pipe:c6|counter[5]                        ; Merged with pipe:c1|counter[5]  ;
; pipe:c7|counter[5]                        ; Merged with pipe:c1|counter[5]  ;
; pipe_init:c0|counter[5]                   ; Merged with pipe:c1|counter[5]  ;
; pipe:c2|counter[4]                        ; Merged with pipe:c1|counter[4]  ;
; pipe:c3|counter[4]                        ; Merged with pipe:c1|counter[4]  ;
; pipe:c4|counter[4]                        ; Merged with pipe:c1|counter[4]  ;
; pipe:c5|counter[4]                        ; Merged with pipe:c1|counter[4]  ;
; pipe:c6|counter[4]                        ; Merged with pipe:c1|counter[4]  ;
; pipe:c7|counter[4]                        ; Merged with pipe:c1|counter[4]  ;
; pipe_init:c0|counter[4]                   ; Merged with pipe:c1|counter[4]  ;
; pipe:c2|counter[3]                        ; Merged with pipe:c1|counter[3]  ;
; pipe:c3|counter[3]                        ; Merged with pipe:c1|counter[3]  ;
; pipe:c4|counter[3]                        ; Merged with pipe:c1|counter[3]  ;
; pipe:c5|counter[3]                        ; Merged with pipe:c1|counter[3]  ;
; pipe:c6|counter[3]                        ; Merged with pipe:c1|counter[3]  ;
; pipe:c7|counter[3]                        ; Merged with pipe:c1|counter[3]  ;
; pipe_init:c0|counter[3]                   ; Merged with pipe:c1|counter[3]  ;
; pipe:c2|counter[2]                        ; Merged with pipe:c1|counter[2]  ;
; pipe:c3|counter[2]                        ; Merged with pipe:c1|counter[2]  ;
; pipe:c4|counter[2]                        ; Merged with pipe:c1|counter[2]  ;
; pipe:c5|counter[2]                        ; Merged with pipe:c1|counter[2]  ;
; pipe:c6|counter[2]                        ; Merged with pipe:c1|counter[2]  ;
; pipe:c7|counter[2]                        ; Merged with pipe:c1|counter[2]  ;
; pipe_init:c0|counter[2]                   ; Merged with pipe:c1|counter[2]  ;
; pipe:c2|counter[1]                        ; Merged with pipe:c1|counter[1]  ;
; pipe:c3|counter[1]                        ; Merged with pipe:c1|counter[1]  ;
; pipe:c4|counter[1]                        ; Merged with pipe:c1|counter[1]  ;
; pipe:c5|counter[1]                        ; Merged with pipe:c1|counter[1]  ;
; pipe:c6|counter[1]                        ; Merged with pipe:c1|counter[1]  ;
; pipe:c7|counter[1]                        ; Merged with pipe:c1|counter[1]  ;
; pipe_init:c0|counter[1]                   ; Merged with pipe:c1|counter[1]  ;
; pipe:c2|counter[0]                        ; Merged with pipe:c1|counter[0]  ;
; pipe:c3|counter[0]                        ; Merged with pipe:c1|counter[0]  ;
; pipe:c4|counter[0]                        ; Merged with pipe:c1|counter[0]  ;
; pipe:c5|counter[0]                        ; Merged with pipe:c1|counter[0]  ;
; pipe:c6|counter[0]                        ; Merged with pipe:c1|counter[0]  ;
; pipe:c7|counter[0]                        ; Merged with pipe:c1|counter[0]  ;
; pipe_init:c0|counter[0]                   ; Merged with pipe:c1|counter[0]  ;
; pipe:c2|counter[10]                       ; Merged with pipe:c1|counter[10] ;
; pipe:c3|counter[10]                       ; Merged with pipe:c1|counter[10] ;
; pipe:c4|counter[10]                       ; Merged with pipe:c1|counter[10] ;
; pipe:c5|counter[10]                       ; Merged with pipe:c1|counter[10] ;
; pipe:c6|counter[10]                       ; Merged with pipe:c1|counter[10] ;
; pipe:c7|counter[10]                       ; Merged with pipe:c1|counter[10] ;
; pipe_init:c0|counter[10]                  ; Merged with pipe:c1|counter[10] ;
; pipe:c2|counter[9]                        ; Merged with pipe:c1|counter[9]  ;
; pipe:c3|counter[9]                        ; Merged with pipe:c1|counter[9]  ;
; pipe:c4|counter[9]                        ; Merged with pipe:c1|counter[9]  ;
; pipe:c5|counter[9]                        ; Merged with pipe:c1|counter[9]  ;
; pipe:c6|counter[9]                        ; Merged with pipe:c1|counter[9]  ;
; pipe:c7|counter[9]                        ; Merged with pipe:c1|counter[9]  ;
; pipe_init:c0|counter[9]                   ; Merged with pipe:c1|counter[9]  ;
; clock_divider:cdiv|divided_clocks[12..31] ; Lost fanout                     ;
; Total Number of Removed Registers = 181   ;                                 ;
+-------------------------------------------+---------------------------------+


+------------------------------------------------------+
; General Register Statistics                          ;
+----------------------------------------------+-------+
; Statistic                                    ; Value ;
+----------------------------------------------+-------+
; Total registers                              ; 163   ;
; Number of registers using Synchronous Clear  ; 106   ;
; Number of registers using Synchronous Load   ; 3     ;
; Number of registers using Asynchronous Clear ; 12    ;
; Number of registers using Asynchronous Load  ; 0     ;
; Number of registers using Clock Enable       ; 112   ;
; Number of registers using Preset             ; 0     ;
+----------------------------------------------+-------+


+--------------------------------------------------+
; Inverted Register Statistics                     ;
+----------------------------------------+---------+
; Inverted Register                      ; Fan out ;
+----------------------------------------+---------+
; bird_init:r4|PS                        ; 5       ;
; pipe_init:c0|PS[4]                     ; 2       ;
; pipe_init:c0|PS[5]                     ; 2       ;
; pipe_init:c0|PS[6]                     ; 2       ;
; pipe_init:c0|PS[7]                     ; 2       ;
; pipe_init:c0|PS[3]                     ; 2       ;
; Total number of inverted registers = 6 ;         ;
+----------------------------------------+---------+


+------------------------------------------------------------------------------------------------------------------------------------------------------+
; Multiplexer Restructuring Statistics (Restructuring Performed)                                                                                       ;
+--------------------+-----------+---------------+----------------------+------------------------+------------+----------------------------------------+
; Multiplexer Inputs ; Bus Width ; Baseline Area ; Area if Restructured ; Saving if Restructured ; Registered ; Example Multiplexer Output             ;
+--------------------+-----------+---------------+----------------------+------------------------+------------+----------------------------------------+
; 3:1                ; 48 bits   ; 96 LEs        ; 0 LEs                ; 96 LEs                 ; Yes        ; |DE1_SoC|pipe:c6|PS[0]                 ;
; 3:1                ; 12 bits   ; 24 LEs        ; 0 LEs                ; 24 LEs                 ; Yes        ; |DE1_SoC|pipe:c1|counter[8]            ;
; 3:1                ; 8 bits    ; 16 LEs        ; 0 LEs                ; 16 LEs                 ; Yes        ; |DE1_SoC|pipe:c1|PS[3]                 ;
; 3:1                ; 6 bits    ; 12 LEs        ; 6 LEs                ; 6 LEs                  ; Yes        ; |DE1_SoC|LFSR6:myRando|ps[4]           ;
; 4:1                ; 3 bits    ; 6 LEs         ; 6 LEs                ; 0 LEs                  ; Yes        ; |DE1_SoC|pipe_init:c0|PS[0]            ;
; 4:1                ; 5 bits    ; 10 LEs        ; 10 LEs               ; 0 LEs                  ; Yes        ; |DE1_SoC|pipe_init:c0|PS[7]            ;
; 8:1                ; 9 bits    ; 45 LEs        ; 45 LEs               ; 0 LEs                  ; No         ; |DE1_SoC|led_matrix_driver:lights|Mux9 ;
+--------------------+-----------+---------------+----------------------+------------------------+------------+----------------------------------------+


+-------------------------------------------------------------------------+
; Parameter Settings for User Entity Instance: Top-level Entity: |DE1_SoC ;
+----------------+-------+------------------------------------------------+
; Parameter Name ; Value ; Type                                           ;
+----------------+-------+------------------------------------------------+
; whichClock     ; 11    ; Signed Integer                                 ;
+----------------+-------+------------------------------------------------+
Note: In order to hide this table in the UI and the text report file, please set the "Show Parameter Settings in Synthesis Report" option in "Analysis and Synthesis Settings -> More Settings" to "Off".


+----------------------------------------------------------+
; Parameter Settings for User Entity Instance: bird_top:r7 ;
+----------------+-------+---------------------------------+
; Parameter Name ; Value ; Type                            ;
+----------------+-------+---------------------------------+
; OFF            ; 0     ; Unsigned Binary                 ;
; ON             ; 1     ; Unsigned Binary                 ;
+----------------+-------+---------------------------------+
Note: In order to hide this table in the UI and the text report file, please set the "Show Parameter Settings in Synthesis Report" option in "Analysis and Synthesis Settings -> More Settings" to "Off".


+------------------------------------------------------+
; Parameter Settings for User Entity Instance: bird:r6 ;
+----------------+-------+-----------------------------+
; Parameter Name ; Value ; Type                        ;
+----------------+-------+-----------------------------+
; OFF            ; 0     ; Unsigned Binary             ;
; ON             ; 1     ; Unsigned Binary             ;
+----------------+-------+-----------------------------+
Note: In order to hide this table in the UI and the text report file, please set the "Show Parameter Settings in Synthesis Report" option in "Analysis and Synthesis Settings -> More Settings" to "Off".


+------------------------------------------------------+
; Parameter Settings for User Entity Instance: bird:r5 ;
+----------------+-------+-----------------------------+
; Parameter Name ; Value ; Type                        ;
+----------------+-------+-----------------------------+
; OFF            ; 0     ; Unsigned Binary             ;
; ON             ; 1     ; Unsigned Binary             ;
+----------------+-------+-----------------------------+
Note: In order to hide this table in the UI and the text report file, please set the "Show Parameter Settings in Synthesis Report" option in "Analysis and Synthesis Settings -> More Settings" to "Off".


+-----------------------------------------------------------+
; Parameter Settings for User Entity Instance: bird_init:r4 ;
+----------------+-------+----------------------------------+
; Parameter Name ; Value ; Type                             ;
+----------------+-------+----------------------------------+
; OFF            ; 0     ; Unsigned Binary                  ;
; ON             ; 1     ; Unsigned Binary                  ;
+----------------+-------+----------------------------------+
Note: In order to hide this table in the UI and the text report file, please set the "Show Parameter Settings in Synthesis Report" option in "Analysis and Synthesis Settings -> More Settings" to "Off".


+------------------------------------------------------+
; Parameter Settings for User Entity Instance: bird:r3 ;
+----------------+-------+-----------------------------+
; Parameter Name ; Value ; Type                        ;
+----------------+-------+-----------------------------+
; OFF            ; 0     ; Unsigned Binary             ;
; ON             ; 1     ; Unsigned Binary             ;
+----------------+-------+-----------------------------+
Note: In order to hide this table in the UI and the text report file, please set the "Show Parameter Settings in Synthesis Report" option in "Analysis and Synthesis Settings -> More Settings" to "Off".


+------------------------------------------------------+
; Parameter Settings for User Entity Instance: bird:r2 ;
+----------------+-------+-----------------------------+
; Parameter Name ; Value ; Type                        ;
+----------------+-------+-----------------------------+
; OFF            ; 0     ; Unsigned Binary             ;
; ON             ; 1     ; Unsigned Binary             ;
+----------------+-------+-----------------------------+
Note: In order to hide this table in the UI and the text report file, please set the "Show Parameter Settings in Synthesis Report" option in "Analysis and Synthesis Settings -> More Settings" to "Off".


+------------------------------------------------------+
; Parameter Settings for User Entity Instance: bird:r1 ;
+----------------+-------+-----------------------------+
; Parameter Name ; Value ; Type                        ;
+----------------+-------+-----------------------------+
; OFF            ; 0     ; Unsigned Binary             ;
; ON             ; 1     ; Unsigned Binary             ;
+----------------+-------+-----------------------------+
Note: In order to hide this table in the UI and the text report file, please set the "Show Parameter Settings in Synthesis Report" option in "Analysis and Synthesis Settings -> More Settings" to "Off".


+-------------------------------------------------------------+
; Parameter Settings for User Entity Instance: bird_bottom:r0 ;
+----------------+-------+------------------------------------+
; Parameter Name ; Value ; Type                               ;
+----------------+-------+------------------------------------+
; OFF            ; 0     ; Unsigned Binary                    ;
; ON             ; 1     ; Unsigned Binary                    ;
+----------------+-------+------------------------------------+
Note: In order to hide this table in the UI and the text report file, please set the "Show Parameter Settings in Synthesis Report" option in "Analysis and Synthesis Settings -> More Settings" to "Off".


+-----------------------------------------------------------+
; Parameter Settings for User Entity Instance: pipe_init:c0 ;
+----------------+----------+-------------------------------+
; Parameter Name ; Value    ; Type                          ;
+----------------+----------+-------------------------------+
; p1             ; 11111000 ; Unsigned Binary               ;
; p2             ; 11110001 ; Unsigned Binary               ;
; p3             ; 11100011 ; Unsigned Binary               ;
; p4             ; 11000111 ; Unsigned Binary               ;
; p5             ; 00011111 ; Unsigned Binary               ;
; p6             ; 00011111 ; Unsigned Binary               ;
; p7             ; 11000011 ; Unsigned Binary               ;
; p8             ; 10000111 ; Unsigned Binary               ;
; p9             ; 11000011 ; Unsigned Binary               ;
; p10            ; 00001111 ; Unsigned Binary               ;
; p11            ; 11110000 ; Unsigned Binary               ;
; p12            ; 10001111 ; Unsigned Binary               ;
; p0             ; 11111000 ; Unsigned Binary               ;
; p13            ; 11110001 ; Unsigned Binary               ;
; p14            ; 11100011 ; Unsigned Binary               ;
; p15            ; 11000111 ; Unsigned Binary               ;
+----------------+----------+-------------------------------+
Note: In order to hide this table in the UI and the text report file, please set the "Show Parameter Settings in Synthesis Report" option in "Analysis and Synthesis Settings -> More Settings" to "Off".


+--------------------------------------------------------------------+
; Parameter Settings for User Entity Instance: detect_collision:fail ;
+----------------+-------+-------------------------------------------+
; Parameter Name ; Value ; Type                                      ;
+----------------+-------+-------------------------------------------+
; ON             ; 1     ; Unsigned Binary                           ;
; OFF            ; 0     ; Unsigned Binary                           ;
+----------------+-------+-------------------------------------------+
Note: In order to hide this table in the UI and the text report file, please set the "Show Parameter Settings in Synthesis Report" option in "Analysis and Synthesis Settings -> More Settings" to "Off".


+------------------------------------------------------------------+
; Parameter Settings for User Entity Instance: hex_counter:winHEX0 ;
+----------------+---------+---------------------------------------+
; Parameter Name ; Value   ; Type                                  ;
+----------------+---------+---------------------------------------+
; out0           ; 1000000 ; Unsigned Binary                       ;
; out1           ; 1111001 ; Unsigned Binary                       ;
; out2           ; 0100100 ; Unsigned Binary                       ;
; out3           ; 0110000 ; Unsigned Binary                       ;
; out4           ; 0011001 ; Unsigned Binary                       ;
; out5           ; 0010010 ; Unsigned Binary                       ;
; out6           ; 0000010 ; Unsigned Binary                       ;
; out7           ; 1111000 ; Unsigned Binary                       ;
; out8           ; 0000000 ; Unsigned Binary                       ;
; out9           ; 0010000 ; Unsigned Binary                       ;
; in0            ; 0000    ; Unsigned Binary                       ;
; in1            ; 0001    ; Unsigned Binary                       ;
; in2            ; 0010    ; Unsigned Binary                       ;
; in3            ; 0011    ; Unsigned Binary                       ;
; in4            ; 0100    ; Unsigned Binary                       ;
; in5            ; 0101    ; Unsigned Binary                       ;
; in6            ; 0110    ; Unsigned Binary                       ;
; in7            ; 0111    ; Unsigned Binary                       ;
; in8            ; 1000    ; Unsigned Binary                       ;
; in9            ; 1001    ; Unsigned Binary                       ;
+----------------+---------+---------------------------------------+
Note: In order to hide this table in the UI and the text report file, please set the "Show Parameter Settings in Synthesis Report" option in "Analysis and Synthesis Settings -> More Settings" to "Off".


+------------------------------------------------------------------+
; Parameter Settings for User Entity Instance: hex_counter:winHEX1 ;
+----------------+---------+---------------------------------------+
; Parameter Name ; Value   ; Type                                  ;
+----------------+---------+---------------------------------------+
; out0           ; 1000000 ; Unsigned Binary                       ;
; out1           ; 1111001 ; Unsigned Binary                       ;
; out2           ; 0100100 ; Unsigned Binary                       ;
; out3           ; 0110000 ; Unsigned Binary                       ;
; out4           ; 0011001 ; Unsigned Binary                       ;
; out5           ; 0010010 ; Unsigned Binary                       ;
; out6           ; 0000010 ; Unsigned Binary                       ;
; out7           ; 1111000 ; Unsigned Binary                       ;
; out8           ; 0000000 ; Unsigned Binary                       ;
; out9           ; 0010000 ; Unsigned Binary                       ;
; in0            ; 0000    ; Unsigned Binary                       ;
; in1            ; 0001    ; Unsigned Binary                       ;
; in2            ; 0010    ; Unsigned Binary                       ;
; in3            ; 0011    ; Unsigned Binary                       ;
; in4            ; 0100    ; Unsigned Binary                       ;
; in5            ; 0101    ; Unsigned Binary                       ;
; in6            ; 0110    ; Unsigned Binary                       ;
; in7            ; 0111    ; Unsigned Binary                       ;
; in8            ; 1000    ; Unsigned Binary                       ;
; in9            ; 1001    ; Unsigned Binary                       ;
+----------------+---------+---------------------------------------+
Note: In order to hide this table in the UI and the text report file, please set the "Show Parameter Settings in Synthesis Report" option in "Analysis and Synthesis Settings -> More Settings" to "Off".


+------------------------------------------------------------------+
; Parameter Settings for User Entity Instance: hex_counter:winHEX2 ;
+----------------+---------+---------------------------------------+
; Parameter Name ; Value   ; Type                                  ;
+----------------+---------+---------------------------------------+
; out0           ; 1000000 ; Unsigned Binary                       ;
; out1           ; 1111001 ; Unsigned Binary                       ;
; out2           ; 0100100 ; Unsigned Binary                       ;
; out3           ; 0110000 ; Unsigned Binary                       ;
; out4           ; 0011001 ; Unsigned Binary                       ;
; out5           ; 0010010 ; Unsigned Binary                       ;
; out6           ; 0000010 ; Unsigned Binary                       ;
; out7           ; 1111000 ; Unsigned Binary                       ;
; out8           ; 0000000 ; Unsigned Binary                       ;
; out9           ; 0010000 ; Unsigned Binary                       ;
; in0            ; 0000    ; Unsigned Binary                       ;
; in1            ; 0001    ; Unsigned Binary                       ;
; in2            ; 0010    ; Unsigned Binary                       ;
; in3            ; 0011    ; Unsigned Binary                       ;
; in4            ; 0100    ; Unsigned Binary                       ;
; in5            ; 0101    ; Unsigned Binary                       ;
; in6            ; 0110    ; Unsigned Binary                       ;
; in7            ; 0111    ; Unsigned Binary                       ;
; in8            ; 1000    ; Unsigned Binary                       ;
; in9            ; 1001    ; Unsigned Binary                       ;
+----------------+---------+---------------------------------------+
Note: In order to hide this table in the UI and the text report file, please set the "Show Parameter Settings in Synthesis Report" option in "Analysis and Synthesis Settings -> More Settings" to "Off".


+------------------------------------------------------+
; Port Connectivity Checks: "led_matrix_driver:lights" ;
+--------------------+-------+----------+--------------+
; Port               ; Type  ; Severity ; Details      ;
+--------------------+-------+----------+--------------+
; red_array[7][5..0] ; Input ; Info     ; Stuck at GND ;
; red_array[7][7]    ; Input ; Info     ; Stuck at GND ;
; red_array[6][5..0] ; Input ; Info     ; Stuck at GND ;
; red_array[6][7]    ; Input ; Info     ; Stuck at GND ;
; red_array[5][5..0] ; Input ; Info     ; Stuck at GND ;
; red_array[5][7]    ; Input ; Info     ; Stuck at GND ;
; red_array[4][5..0] ; Input ; Info     ; Stuck at GND ;
; red_array[4][7]    ; Input ; Info     ; Stuck at GND ;
; red_array[3][5..0] ; Input ; Info     ; Stuck at GND ;
; red_array[3][7]    ; Input ; Info     ; Stuck at GND ;
; red_array[2][5..0] ; Input ; Info     ; Stuck at GND ;
; red_array[2][7]    ; Input ; Info     ; Stuck at GND ;
; red_array[1][5..0] ; Input ; Info     ; Stuck at GND ;
; red_array[1][7]    ; Input ; Info     ; Stuck at GND ;
; red_array[0][5..0] ; Input ; Info     ; Stuck at GND ;
; red_array[0][7]    ; Input ; Info     ; Stuck at GND ;
+--------------------+-------+----------+--------------+


+--------------------------------------------------------------------------------------------------------------------+
; Port Connectivity Checks: "hex_counter:winHEX2"                                                                    ;
+----------+--------+----------+-------------------------------------------------------------------------------------+
; Port     ; Type   ; Severity ; Details                                                                             ;
+----------+--------+----------+-------------------------------------------------------------------------------------+
; out_left ; Output ; Info     ; Connected to dangling logic. Logic that only feeds a dangling port will be removed. ;
+----------+--------+----------+-------------------------------------------------------------------------------------+


+----------------------------------------------------------------------------------------------------------------------------------+
; Port Connectivity Checks: "clock_divider:cdiv"                                                                                   ;
+------------------------+--------+----------+-------------------------------------------------------------------------------------+
; Port                   ; Type   ; Severity ; Details                                                                             ;
+------------------------+--------+----------+-------------------------------------------------------------------------------------+
; divided_clocks[31..12] ; Output ; Info     ; Connected to dangling logic. Logic that only feeds a dangling port will be removed. ;
; divided_clocks[10..0]  ; Output ; Info     ; Connected to dangling logic. Logic that only feeds a dangling port will be removed. ;
+------------------------+--------+----------+-------------------------------------------------------------------------------------+


+-----------------------------------------------------+
; Post-Synthesis Netlist Statistics for Top Partition ;
+-----------------------+-----------------------------+
; Type                  ; Count                       ;
+-----------------------+-----------------------------+
; arriav_ff             ; 163                         ;
;     CLR               ; 12                          ;
;     ENA               ; 27                          ;
;     ENA SCLR          ; 85                          ;
;     SCLR              ; 21                          ;
;     SLD               ; 3                           ;
;     plain             ; 15                          ;
; arriav_lcell_comb     ; 184                         ;
;     arith             ; 44                          ;
;         1 data inputs ; 42                          ;
;         2 data inputs ; 2                           ;
;     normal            ; 140                         ;
;         0 data inputs ; 2                           ;
;         1 data inputs ; 19                          ;
;         2 data inputs ; 9                           ;
;         3 data inputs ; 22                          ;
;         4 data inputs ; 41                          ;
;         5 data inputs ; 13                          ;
;         6 data inputs ; 34                          ;
; boundary_port         ; 103                         ;
;                       ;                             ;
; Max LUT depth         ; 3.00                        ;
; Average LUT depth     ; 1.64                        ;
+-----------------------+-----------------------------+


+-------------------------------+
; Elapsed Time Per Partition    ;
+----------------+--------------+
; Partition Name ; Elapsed Time ;
+----------------+--------------+
; Top            ; 00:00:00     ;
+----------------+--------------+


+-------------------------------+
; Analysis & Synthesis Messages ;
+-------------------------------+
Info: *******************************************************************
Info: Running Quartus Prime Analysis & Synthesis
    Info: Version 17.0.0 Build 595 04/25/2017 SJ Lite Edition
    Info: Processing started: Fri May 31 18:24:02 2024
Info: Command: quartus_map --read_settings_files=on --write_settings_files=off DE1_SoC -c DE1_SoC
Info (20030): Parallel compilation is enabled and will use 10 of the 10 processors detected
Info (12021): Found 2 design units, including 2 entities, in source file de1_soc.sv
    Info (12023): Found entity 1: DE1_SoC File: C:/369/FlappyBird/DE1_SoC.sv Line: 1
    Info (12023): Found entity 2: DE1_SoC_testbench File: C:/369/FlappyBird/DE1_SoC.sv Line: 204
Info (12021): Found 2 design units, including 2 entities, in source file detect_collision.sv
    Info (12023): Found entity 1: detect_collision File: C:/369/FlappyBird/detect_collision.sv Line: 1
    Info (12023): Found entity 2: detect_collision_testbench File: C:/369/FlappyBird/detect_collision.sv Line: 27
Info (12021): Found 1 design units, including 1 entities, in source file detect_score.sv
    Info (12023): Found entity 1: detect_score File: C:/369/FlappyBird/detect_score.sv Line: 1
Info (12021): Found 2 design units, including 2 entities, in source file hex_counter.sv
    Info (12023): Found entity 1: hex_counter File: C:/369/FlappyBird/hex_counter.sv Line: 1
    Info (12023): Found entity 2: hex_counter_testbench File: C:/369/FlappyBird/hex_counter.sv Line: 55
Info (12021): Found 3 design units, including 3 entities, in source file leddriver.sv
    Info (12023): Found entity 1: LEDDriver File: C:/369/FlappyBird/LEDDriver.sv Line: 13
    Info (12023): Found entity 2: LEDDriver_Test File: C:/369/FlappyBird/LEDDriver.sv Line: 34
    Info (12023): Found entity 3: LEDDriver_TestPhysical File: C:/369/FlappyBird/LEDDriver.sv Line: 71
Info (12021): Found 1 design units, including 1 entities, in source file led_matrix_driver.sv
    Info (12023): Found entity 1: led_matrix_driver File: C:/369/FlappyBird/led_matrix_driver.sv Line: 1
Info (12021): Found 2 design units, including 2 entities, in source file bird.sv
    Info (12023): Found entity 1: bird File: C:/369/FlappyBird/bird.sv Line: 1
    Info (12023): Found entity 2: bird_testbench File: C:/369/FlappyBird/bird.sv Line: 48
Info (12021): Found 2 design units, including 2 entities, in source file bird_bottom.sv
    Info (12023): Found entity 1: bird_bottom File: C:/369/FlappyBird/bird_bottom.sv Line: 1
    Info (12023): Found entity 2: bird_bottom_testbench File: C:/369/FlappyBird/bird_bottom.sv Line: 56
Info (12021): Found 2 design units, including 2 entities, in source file bird_init.sv
    Info (12023): Found entity 1: bird_init File: C:/369/FlappyBird/bird_init.sv Line: 1
    Info (12023): Found entity 2: bird_testbench_init File: C:/369/FlappyBird/bird_init.sv Line: 48
Info (12021): Found 2 design units, including 2 entities, in source file bird_top.sv
    Info (12023): Found entity 1: bird_top File: C:/369/FlappyBird/bird_top.sv Line: 1
    Info (12023): Found entity 2: bird_top_testbench File: C:/369/FlappyBird/bird_top.sv Line: 46
Info (12021): Found 2 design units, including 2 entities, in source file pipe.sv
    Info (12023): Found entity 1: pipe File: C:/369/FlappyBird/pipe.sv Line: 1
    Info (12023): Found entity 2: pipe_testbench File: C:/369/FlappyBird/pipe.sv Line: 36
Info (12021): Found 2 design units, including 2 entities, in source file pipe_init.sv
    Info (12023): Found entity 1: pipe_init File: C:/369/FlappyBird/pipe_init.sv Line: 1
    Info (12023): Found entity 2: pipe_init_testbench File: C:/369/FlappyBird/pipe_init.sv Line: 67
Info (12021): Found 1 design units, including 1 entities, in source file clock_divider.sv
    Info (12023): Found entity 1: clock_divider File: C:/369/FlappyBird/clock_divider.sv Line: 2
Info (12021): Found 1 design units, including 1 entities, in source file lfsr6_testbench.sv
    Info (12023): Found entity 1: LFSR6_testbench File: C:/369/FlappyBird/LFSR6_testbench.sv Line: 1
Info (12021): Found 1 design units, including 1 entities, in source file lfsr6.sv
    Info (12023): Found entity 1: LFSR6 File: C:/369/FlappyBird/LFSR6.sv Line: 1
Info (12127): Elaborating entity "DE1_SoC" for the top level hierarchy
Info (12128): Elaborating entity "clock_divider" for hierarchy "clock_divider:cdiv" File: C:/369/FlappyBird/DE1_SoC.sv Line: 62
Info (12128): Elaborating entity "bird_top" for hierarchy "bird_top:r7" File: C:/369/FlappyBird/DE1_SoC.sv Line: 155
Info (12128): Elaborating entity "bird" for hierarchy "bird:r6" File: C:/369/FlappyBird/DE1_SoC.sv Line: 156
Info (12128): Elaborating entity "bird_init" for hierarchy "bird_init:r4" File: C:/369/FlappyBird/DE1_SoC.sv Line: 158
Info (12128): Elaborating entity "bird_bottom" for hierarchy "bird_bottom:r0" File: C:/369/FlappyBird/DE1_SoC.sv Line: 162
Info (12128): Elaborating entity "LFSR6" for hierarchy "LFSR6:myRando" File: C:/369/FlappyBird/DE1_SoC.sv Line: 165
Info (12128): Elaborating entity "pipe_init" for hierarchy "pipe_init:c0" File: C:/369/FlappyBird/DE1_SoC.sv Line: 169
Info (12128): Elaborating entity "pipe" for hierarchy "pipe:c1" File: C:/369/FlappyBird/DE1_SoC.sv Line: 170
Info (12128): Elaborating entity "detect_collision" for hierarchy "detect_collision:fail" File: C:/369/FlappyBird/DE1_SoC.sv Line: 183
Info (12128): Elaborating entity "detect_score" for hierarchy "detect_score:score" File: C:/369/FlappyBird/DE1_SoC.sv Line: 186
Info (12128): Elaborating entity "hex_counter" for hierarchy "hex_counter:winHEX0" File: C:/369/FlappyBird/DE1_SoC.sv Line: 190
Info (12128): Elaborating entity "led_matrix_driver" for hierarchy "led_matrix_driver:lights" File: C:/369/FlappyBird/DE1_SoC.sv Line: 196
Info (286030): Timing-Driven Synthesis is running
Info (17049): 20 registers lost all their fanouts during netlist optimizations.
Info (144001): Generated suppressed messages file C:/369/FlappyBird/output_files/DE1_SoC.map.smsg
Info (16010): Generating hard_block partition "hard_block:auto_generated_inst"
    Info (16011): Adding 0 node(s), including 0 DDIO, 0 PLL, 0 transceiver and 0 LCELL
Info (21057): Implemented 328 device resources after synthesis - the final resource count might be different
    Info (21058): Implemented 15 input pins
    Info (21059): Implemented 88 output pins
    Info (21061): Implemented 225 logic cells
Info: Quartus Prime Analysis & Synthesis was successful. 0 errors, 0 warnings
    Info: Peak virtual memory: 4883 megabytes
    Info: Processing ended: Fri May 31 18:24:10 2024
    Info: Elapsed time: 00:00:08
    Info: Total CPU time (on all processors): 00:00:05


+------------------------------------------+
; Analysis & Synthesis Suppressed Messages ;
+------------------------------------------+
The suppressed messages can be found in C:/369/FlappyBird/output_files/DE1_SoC.map.smsg.


